Build started 4/4/2013 11:18:15 AM.
     1>Project "C:\Users\scampbell\Documents\Visual Studio 2010\Projects\Camp_class_demo\Camp_class_demo\Camp_class_demo.vcxproj" on node 2 (build target(s)).
     1>InitializeBuildStatus:
         Creating "Debug\Camp_class_demo.unsuccessfulbuild" because "AlwaysCreate" was specified.
       ClCompile:
         c:\Program Files (x86)\Microsoft Visual Studio 10.0\VC\bin\CL.exe /c /ZI /nologo /W3 /WX- /Od /Oy- /D WIN32 /D _DEBUG /D _CONSOLE /D _UNICODE /D UNICODE /Gm /EHsc /RTC1 /MDd /GS /fp:precise /Zc:wchar_t /Zc:forScope /Fo"Debug\\" /Fd"Debug\vc100.pdb" /Gd /TP /analyze- /errorReport:prompt camp_class_demo.cpp Shapes.cpp
         Shapes.cpp
         camp_class_demo.cpp
         Generating Code...
       ManifestResourceCompile:
         c:\Program Files (x86)\Microsoft SDKs\Windows\v7.0A\bin\rc.exe /nologo /fo"Debug\Camp_class_demo.exe.embed.manifest.res" Debug\Camp_class_demo_manifest.rc 
       Link:
         c:\Program Files (x86)\Microsoft Visual Studio 10.0\VC\bin\link.exe /ERRORREPORT:PROMPT /OUT:"C:\Users\scampbell\Documents\Visual Studio 2010\Projects\Camp_class_demo\Debug\Camp_class_demo.exe" /INCREMENTAL /NOLOGO kernel32.lib user32.lib gdi32.lib winspool.lib comdlg32.lib advapi32.lib shell32.lib ole32.lib oleaut32.lib uuid.lib odbc32.lib odbccp32.lib /MANIFEST /ManifestFile:"Debug\Camp_class_demo.exe.intermediate.manifest" /MANIFESTUAC:"level='asInvoker' uiAccess='false'" /DEBUG /PDB:"C:\Users\scampbell\Documents\Visual Studio 2010\Projects\Camp_class_demo\Debug\Camp_class_demo.pdb" /SUBSYSTEM:CONSOLE /TLBID:1 /DYNAMICBASE /NXCOMPAT /IMPLIB:"C:\Users\scampbell\Documents\Visual Studio 2010\Projects\Camp_class_demo\Debug\Camp_class_demo.lib" /MACHINE:X86 Debug\Camp_class_demo.exe.embed.manifest.res
         Debug\camp_class_demo.obj
         Debug\Shapes.obj
         LINK : C:\Users\scampbell\Documents\Visual Studio 2010\Projects\Camp_class_demo\Debug\Camp_class_demo.exe not found or not built by the last incremental link; performing full link
       Manifest:
         c:\Program Files (x86)\Microsoft SDKs\Windows\v7.0A\bin\mt.exe /nologo /verbose /out:"Debug\Camp_class_demo.exe.embed.manifest" /manifest Debug\Camp_class_demo.exe.intermediate.manifest
         All outputs are up-to-date.
       LinkEmbedManifest:
         All outputs are up-to-date.
         Camp_class_demo.vcxproj -> C:\Users\scampbell\Documents\Visual Studio 2010\Projects\Camp_class_demo\Debug\Camp_class_demo.exe
       FinalizeBuildStatus:
         Deleting file "Debug\Camp_class_demo.unsuccessfulbuild".
         Touching "Debug\Camp_class_demo.lastbuildstate".
     1>Done Building Project "C:\Users\scampbell\Documents\Visual Studio 2010\Projects\Camp_class_demo\Camp_class_demo\Camp_class_demo.vcxproj" (build target(s)).

Build succeeded.

Time Elapsed 00:00:04.80
